
  .   ____          _            __ _ _
 /\\ / ___'_ __ _ _(_)_ __  __ _ \ \ \ \
( ( )\___ | '_ | '_| | '_ \/ _` | \ \ \ \
 \\/  ___)| |_)| | | | | || (_| |  ) ) ) )
  '  |____| .__|_| |_|_| |_\__, | / / / /
 =========|_|==============|___/=/_/_/_/
[32m :: Spring Boot :: [39m              [2m (v3.2.5)[0;39m

[2m2025-06-24T23:23:06.052+08:00[0;39m [32m INFO[0;39m [35m99613[0;39m [2m---[0;39m [2m[           main][0;39m [2m[0;39m[36mc.e.heygen.HeygenBackendApplication     [0;39m [2m:[0;39m Starting HeygenBackendApplication v0.0.1-SNAPSHOT using Java 24.0.1 with PID 99613 (/Users/ralphreynieldelacruz/Documents/Personal/HeyGen-Demo-1/heygen-backend/target/heygen-backend-0.0.1-SNAPSHOT.jar started by ralphreynieldelacruz in /Users/ralphreynieldelacruz/Documents/Personal/HeyGen-Demo-1/heygen-backend)
[2m2025-06-24T23:23:06.054+08:00[0;39m [32m INFO[0;39m [35m99613[0;39m [2m---[0;39m [2m[           main][0;39m [2m[0;39m[36mc.e.heygen.HeygenBackendApplication     [0;39m [2m:[0;39m No active profile set, falling back to 1 default profile: "default"
WARNING: A restricted method in java.lang.System has been called
WARNING: java.lang.System::load has been called by org.apache.tomcat.jni.Library in an unnamed module (jar:nested:/Users/ralphreynieldelacruz/Documents/Personal/HeyGen-Demo-1/heygen-backend/target/heygen-backend-0.0.1-SNAPSHOT.jar/!BOOT-INF/lib/tomcat-embed-core-10.1.20.jar!/)
WARNING: Use --enable-native-access=ALL-UNNAMED to avoid a warning for callers in this module
WARNING: Restricted methods will be blocked in a future release unless native access is enabled

[2m2025-06-24T23:23:07.102+08:00[0;39m [32m INFO[0;39m [35m99613[0;39m [2m---[0;39m [2m[           main][0;39m [2m[0;39m[36mo.s.b.w.embedded.tomcat.TomcatWebServer [0;39m [2m:[0;39m Tomcat initialized with port 8080 (http)
[2m2025-06-24T23:23:07.113+08:00[0;39m [32m INFO[0;39m [35m99613[0;39m [2m---[0;39m [2m[           main][0;39m [2m[0;39m[36mo.apache.catalina.core.StandardService  [0;39m [2m:[0;39m Starting service [Tomcat]
[2m2025-06-24T23:23:07.113+08:00[0;39m [32m INFO[0;39m [35m99613[0;39m [2m---[0;39m [2m[           main][0;39m [2m[0;39m[36mo.apache.catalina.core.StandardEngine   [0;39m [2m:[0;39m Starting Servlet engine: [Apache Tomcat/10.1.20]
[2m2025-06-24T23:23:07.139+08:00[0;39m [32m INFO[0;39m [35m99613[0;39m [2m---[0;39m [2m[           main][0;39m [2m[0;39m[36mo.a.c.c.C.[Tomcat].[localhost].[/]      [0;39m [2m:[0;39m Initializing Spring embedded WebApplicationContext
[2m2025-06-24T23:23:07.139+08:00[0;39m [32m INFO[0;39m [35m99613[0;39m [2m---[0;39m [2m[           main][0;39m [2m[0;39m[36mw.s.c.ServletWebServerApplicationContext[0;39m [2m:[0;39m Root WebApplicationContext: initialization completed in 1011 ms
[2m2025-06-24T23:23:08.812+08:00[0;39m [32m INFO[0;39m [35m99613[0;39m [2m---[0;39m [2m[           main][0;39m [2m[0;39m[36mo.s.b.w.embedded.tomcat.TomcatWebServer [0;39m [2m:[0;39m Tomcat started on port 8080 (http) with context path ''
[2m2025-06-24T23:23:08.834+08:00[0;39m [32m INFO[0;39m [35m99613[0;39m [2m---[0;39m [2m[           main][0;39m [2m[0;39m[36mc.e.heygen.HeygenBackendApplication     [0;39m [2m:[0;39m Started HeygenBackendApplication in 3.462 seconds (process running for 4.389)
[2m2025-06-24T23:23:14.256+08:00[0;39m [32m INFO[0;39m [35m99613[0;39m [2m---[0;39m [2m[nio-8080-exec-1][0;39m [2m[0;39m[36mo.a.c.c.C.[Tomcat].[localhost].[/]      [0;39m [2m:[0;39m Initializing Spring DispatcherServlet 'dispatcherServlet'
[2m2025-06-24T23:23:14.256+08:00[0;39m [32m INFO[0;39m [35m99613[0;39m [2m---[0;39m [2m[nio-8080-exec-1][0;39m [2m[0;39m[36mo.s.web.servlet.DispatcherServlet       [0;39m [2m:[0;39m Initializing Servlet 'dispatcherServlet'
[2m2025-06-24T23:23:14.258+08:00[0;39m [32m INFO[0;39m [35m99613[0;39m [2m---[0;39m [2m[nio-8080-exec-1][0;39m [2m[0;39m[36mo.s.web.servlet.DispatcherServlet       [0;39m [2m:[0;39m Completed initialization in 2 ms
